0 info it worked if it ends with ok
1 verbose cli [ 'node', '/usr/local/bin/npm', 'install', '-g', 'coffee-script' ]
2 info using npm@1.4.28
3 info using node@v0.10.33
4 verbose cache add [ 'coffee-script', null ]
5 verbose cache add name=undefined spec="coffee-script" args=["coffee-script",null]
6 verbose parsed url { protocol: null,
6 verbose parsed url   slashes: null,
6 verbose parsed url   auth: null,
6 verbose parsed url   host: null,
6 verbose parsed url   port: null,
6 verbose parsed url   hostname: null,
6 verbose parsed url   hash: null,
6 verbose parsed url   search: null,
6 verbose parsed url   query: null,
6 verbose parsed url   pathname: 'coffee-script',
6 verbose parsed url   path: 'coffee-script',
6 verbose parsed url   href: 'coffee-script' }
7 silly lockFile ab358269-coffee-script coffee-script
8 verbose lock coffee-script /Users/valerie/.npm/ab358269-coffee-script.lock
9 silly lockFile ab358269-coffee-script coffee-script
10 silly lockFile ab358269-coffee-script coffee-script
11 verbose addNamed [ 'coffee-script', '' ]
12 verbose addNamed [ null, '*' ]
13 silly lockFile 53951495-coffee-script coffee-script@
14 verbose lock coffee-script@ /Users/valerie/.npm/53951495-coffee-script.lock
15 silly addNameRange { name: 'coffee-script', range: '*', hasData: false }
16 verbose request where is /coffee-script
17 verbose request registry https://registry.npmjs.org/
18 verbose request id 1e3c157a5496f219
19 verbose url raw /coffee-script
20 verbose url resolving [ 'https://registry.npmjs.org/', './coffee-script' ]
21 verbose url resolved https://registry.npmjs.org/coffee-script
22 verbose request where is https://registry.npmjs.org/coffee-script
23 info trying registry request attempt 1 at 18:17:00
24 http GET https://registry.npmjs.org/coffee-script
25 http 200 https://registry.npmjs.org/coffee-script
26 silly registry.get cb [ 200,
26 silly registry.get   { server: 'CouchDB/1.5.0 (Erlang OTP/R16B03)',
26 silly registry.get     etag: '"59FNL14US22KHQLMICDHV4G7L"',
26 silly registry.get     'content-type': 'application/json',
26 silly registry.get     'cache-control': 'max-age=60',
26 silly registry.get     'content-length': '38847',
26 silly registry.get     'accept-ranges': 'bytes',
26 silly registry.get     date: 'Wed, 03 Jun 2015 01:17:01 GMT',
26 silly registry.get     via: '1.1 varnish',
26 silly registry.get     age: '1',
26 silly registry.get     connection: 'keep-alive',
26 silly registry.get     'x-served-by': 'cache-lax1420-LAX',
26 silly registry.get     'x-cache': 'HIT',
26 silly registry.get     'x-cache-hits': '1',
26 silly registry.get     'x-timer': 'S1433294221.016490,VS0,VE0',
26 silly registry.get     vary: 'Accept' } ]
27 silly addNameRange number 2 { name: 'coffee-script', range: '*', hasData: true }
28 silly addNameRange versions [ 'coffee-script',
28 silly addNameRange   [ '0.7.0',
28 silly addNameRange     '0.7.1',
28 silly addNameRange     '0.7.2',
28 silly addNameRange     '0.9.0',
28 silly addNameRange     '0.9.1',
28 silly addNameRange     '0.9.2',
28 silly addNameRange     '0.9.3',
28 silly addNameRange     '0.9.4',
28 silly addNameRange     '0.9.5',
28 silly addNameRange     '0.9.6',
28 silly addNameRange     '1.0.0',
28 silly addNameRange     '1.0.1',
28 silly addNameRange     '1.1.0',
28 silly addNameRange     '1.1.1',
28 silly addNameRange     '1.1.2',
28 silly addNameRange     '1.1.3',
28 silly addNameRange     '1.2.0',
28 silly addNameRange     '1.3.0',
28 silly addNameRange     '1.3.1',
28 silly addNameRange     '1.3.2',
28 silly addNameRange     '1.3.3',
28 silly addNameRange     '1.4.0',
28 silly addNameRange     '1.5.0',
28 silly addNameRange     '1.6.0',
28 silly addNameRange     '1.6.1',
28 silly addNameRange     '1.6.2',
28 silly addNameRange     '1.6.3',
28 silly addNameRange     '1.7.0',
28 silly addNameRange     '1.7.1',
28 silly addNameRange     '1.8.0',
28 silly addNameRange     '1.9.0',
28 silly addNameRange     '1.9.1',
28 silly addNameRange     '1.9.2',
28 silly addNameRange     '1.9.3' ] ]
29 verbose addNamed [ 'coffee-script', '1.9.3' ]
30 verbose addNamed [ '1.9.3', '1.9.3' ]
31 silly lockFile 81d6d09f-coffee-script-1-9-3 coffee-script@1.9.3
32 verbose lock coffee-script@1.9.3 /Users/valerie/.npm/81d6d09f-coffee-script-1-9-3.lock
33 silly lockFile c84ebf16-e-script-coffee-script-1-9-3-tgz https://registry.npmjs.org/coffee-script/-/coffee-script-1.9.3.tgz
34 verbose lock https://registry.npmjs.org/coffee-script/-/coffee-script-1.9.3.tgz /Users/valerie/.npm/c84ebf16-e-script-coffee-script-1-9-3-tgz.lock
35 verbose addRemoteTarball [ 'https://registry.npmjs.org/coffee-script/-/coffee-script-1.9.3.tgz',
35 verbose addRemoteTarball   '596e6e83fcfcb67c5964ab70d444beff0ac04ac7' ]
36 info retry fetch attempt 1 at 18:17:01
37 verbose fetch to= /var/folders/mq/vf59knbn31sf70wgk0vk63qw0000gn/T/npm-45930--FiQG1VB/registry.npmjs.org/coffee-script/-/coffee-script-1.9.3.tgz
38 http GET https://registry.npmjs.org/coffee-script/-/coffee-script-1.9.3.tgz
39 http 200 https://registry.npmjs.org/coffee-script/-/coffee-script-1.9.3.tgz
40 silly lockFile c84ebf16-e-script-coffee-script-1-9-3-tgz https://registry.npmjs.org/coffee-script/-/coffee-script-1.9.3.tgz
41 silly lockFile c84ebf16-e-script-coffee-script-1-9-3-tgz https://registry.npmjs.org/coffee-script/-/coffee-script-1.9.3.tgz
42 silly lockFile 81d6d09f-coffee-script-1-9-3 coffee-script@1.9.3
43 silly lockFile 81d6d09f-coffee-script-1-9-3 coffee-script@1.9.3
44 silly lockFile 53951495-coffee-script coffee-script@
45 silly lockFile 53951495-coffee-script coffee-script@
46 silly resolved [ { name: 'coffee-script',
46 silly resolved     description: 'Unfancy JavaScript',
46 silly resolved     keywords: [ 'javascript', 'language', 'coffeescript', 'compiler' ],
46 silly resolved     author: { name: 'Jeremy Ashkenas' },
46 silly resolved     version: '1.9.3',
46 silly resolved     license: 'MIT',
46 silly resolved     engines: { node: '>=0.8.0' },
46 silly resolved     directories: { lib: './lib/coffee-script' },
46 silly resolved     main: './lib/coffee-script/coffee-script',
46 silly resolved     bin: { coffee: './bin/coffee', cake: './bin/cake' },
46 silly resolved     preferGlobal: true,
46 silly resolved     scripts:
46 silly resolved      { test: 'node ./bin/cake test',
46 silly resolved        'test-harmony': 'node --harmony ./bin/cake test' },
46 silly resolved     homepage: 'http://coffeescript.org',
46 silly resolved     bugs: { url: 'https://github.com/jashkenas/coffeescript/issues' },
46 silly resolved     repository:
46 silly resolved      { type: 'git',
46 silly resolved        url: 'git://github.com/jashkenas/coffeescript.git' },
46 silly resolved     devDependencies:
46 silly resolved      { 'uglify-js': '~2.2',
46 silly resolved        jison: '>=0.2.0',
46 silly resolved        'highlight.js': '~8.0.0',
46 silly resolved        underscore: '~1.5.2',
46 silly resolved        docco: '~0.7.0' },
46 silly resolved     gitHead: 'c37f284771e10b36239c714dcc40827510a6df5f',
46 silly resolved     _id: 'coffee-script@1.9.3',
46 silly resolved     _shasum: '596e6e83fcfcb67c5964ab70d444beff0ac04ac7',
46 silly resolved     _from: 'coffee-script@',
46 silly resolved     _npmVersion: '1.4.28',
46 silly resolved     _npmUser: { name: 'jashkenas', email: 'jashkenas@gmail.com' },
46 silly resolved     maintainers: [ [Object], [Object] ],
46 silly resolved     dist:
46 silly resolved      { shasum: '596e6e83fcfcb67c5964ab70d444beff0ac04ac7',
46 silly resolved        tarball: 'http://registry.npmjs.org/coffee-script/-/coffee-script-1.9.3.tgz' },
46 silly resolved     _resolved: 'https://registry.npmjs.org/coffee-script/-/coffee-script-1.9.3.tgz' } ]
47 info install coffee-script@1.9.3 into /usr/local/lib
48 info installOne coffee-script@1.9.3
49 verbose lib/node_modules/coffee-script unbuild
50 verbose tar unpack /Users/valerie/.npm/coffee-script/1.9.3/package.tgz
51 silly lockFile 865d9b08-l-lib-node-modules-coffee-script tar:///usr/local/lib/node_modules/coffee-script
52 verbose lock tar:///usr/local/lib/node_modules/coffee-script /Users/valerie/.npm/865d9b08-l-lib-node-modules-coffee-script.lock
53 silly lockFile 9e21f26f--coffee-script-1-9-3-package-tgz tar:///Users/valerie/.npm/coffee-script/1.9.3/package.tgz
54 verbose lock tar:///Users/valerie/.npm/coffee-script/1.9.3/package.tgz /Users/valerie/.npm/9e21f26f--coffee-script-1-9-3-package-tgz.lock
55 silly gunzTarPerm modes [ '755', '644' ]
56 error Error: EACCES, mkdir '/usr/local/lib/node_modules/coffee-script'
56 error  { [Error: EACCES, mkdir '/usr/local/lib/node_modules/coffee-script']
56 error   errno: 3,
56 error   code: 'EACCES',
56 error   path: '/usr/local/lib/node_modules/coffee-script',
56 error   fstream_type: 'Directory',
56 error   fstream_path: '/usr/local/lib/node_modules/coffee-script',
56 error   fstream_class: 'DirWriter',
56 error   fstream_stack:
56 error    [ '/usr/local/lib/node_modules/npm/node_modules/fstream/lib/dir-writer.js:36:23',
56 error      '/usr/local/lib/node_modules/npm/node_modules/mkdirp/index.js:46:53',
56 error      'Object.oncomplete (fs.js:107:15)' ] }
57 error Please try running this command again as root/Administrator.
58 error System Darwin 14.0.0
59 error command "node" "/usr/local/bin/npm" "install" "-g" "coffee-script"
60 error cwd /Users/valerie/workspace/sample_app
61 error node -v v0.10.33
62 error npm -v 1.4.28
63 error path /usr/local/lib/node_modules/coffee-script
64 error fstream_path /usr/local/lib/node_modules/coffee-script
65 error fstream_type Directory
66 error fstream_class DirWriter
67 error code EACCES
68 error errno 3
69 error stack Error: EACCES, mkdir '/usr/local/lib/node_modules/coffee-script'
70 error fstream_stack /usr/local/lib/node_modules/npm/node_modules/fstream/lib/dir-writer.js:36:23
70 error fstream_stack /usr/local/lib/node_modules/npm/node_modules/mkdirp/index.js:46:53
70 error fstream_stack Object.oncomplete (fs.js:107:15)
71 verbose exit [ 3, true ]
